[INFO ] 2025-04-07 14:46:59.885 [RMI TCP Connection(2)-127.0.0.1] ApiConfig - >>> Jersey ApiConfig initialized.
[INFO ] 2025-04-07 14:47:00.864 [RMI TCP Connection(2)-127.0.0.1] SecretsManagerUtil - Attempting to fetch secret 'yhjSecrets' from AWS Secrets Manager in region us-east-2
[ERROR] 2025-04-07 14:47:02.940 [RMI TCP Connection(2)-127.0.0.1] SecretsManagerUtil - Unexpected error retrieving or parsing secret 'yhjSecrets': Unable to load credentials from any of the providers in the chain AwsCredentialsProviderChain(credentialsProviders=[SystemPropertyCredentialsProvider(), EnvironmentVariableCredentialsProvider(), WebIdentityTokenCredentialsProvider(), ProfileCredentialsProvider(profileName=default, profileFile=ProfileFile(sections=[])), ContainerCredentialsProvider(), InstanceProfileCredentialsProvider()]) : [SystemPropertyCredentialsProvider(): Unable to load credentials from system settings. Access key must be specified either via environment variable (AWS_ACCESS_KEY_ID) or system property (aws.accessKeyId)., EnvironmentVariableCredentialsProvider(): Unable to load credentials from system settings. Access key must be specified either via environment variable (AWS_ACCESS_KEY_ID) or system property (aws.accessKeyId)., WebIdentityTokenCredentialsProvider(): Either the environment variable AWS_WEB_IDENTITY_TOKEN_FILE or the javaproperty aws.webIdentityTokenFile must be set., ProfileCredentialsProvider(profileName=default, profileFile=ProfileFile(sections=[])): Profile file contained no credentials for profile 'default': ProfileFile(sections=[]), ContainerCredentialsProvider(): Cannot fetch credentials from container - neither AWS_CONTAINER_CREDENTIALS_FULL_URI or AWS_CONTAINER_CREDENTIALS_RELATIVE_URI environment variables are set., InstanceProfileCredentialsProvider(): Failed to load credentials from IMDS.]
software.amazon.awssdk.core.exception.SdkClientException: Unable to load credentials from any of the providers in the chain AwsCredentialsProviderChain(credentialsProviders=[SystemPropertyCredentialsProvider(), EnvironmentVariableCredentialsProvider(), WebIdentityTokenCredentialsProvider(), ProfileCredentialsProvider(profileName=default, profileFile=ProfileFile(sections=[])), ContainerCredentialsProvider(), InstanceProfileCredentialsProvider()]) : [SystemPropertyCredentialsProvider(): Unable to load credentials from system settings. Access key must be specified either via environment variable (AWS_ACCESS_KEY_ID) or system property (aws.accessKeyId)., EnvironmentVariableCredentialsProvider(): Unable to load credentials from system settings. Access key must be specified either via environment variable (AWS_ACCESS_KEY_ID) or system property (aws.accessKeyId)., WebIdentityTokenCredentialsProvider(): Either the environment variable AWS_WEB_IDENTITY_TOKEN_FILE or the javaproperty aws.webIdentityTokenFile must be set., ProfileCredentialsProvider(profileName=default, profileFile=ProfileFile(sections=[])): Profile file contained no credentials for profile 'default': ProfileFile(sections=[]), ContainerCredentialsProvider(): Cannot fetch credentials from container - neither AWS_CONTAINER_CREDENTIALS_FULL_URI or AWS_CONTAINER_CREDENTIALS_RELATIVE_URI environment variables are set., InstanceProfileCredentialsProvider(): Failed to load credentials from IMDS.]
	at software.amazon.awssdk.core.exception.SdkClientException$BuilderImpl.build(SdkClientException.java:130) ~[sdk-core-2.31.8.jar:?]
	at software.amazon.awssdk.auth.credentials.AwsCredentialsProviderChain.resolveCredentials(AwsCredentialsProviderChain.java:130) ~[auth-2.31.8.jar:?]
	at software.amazon.awssdk.auth.credentials.internal.LazyAwsCredentialsProvider.resolveCredentials(LazyAwsCredentialsProvider.java:45) ~[auth-2.31.8.jar:?]
	at software.amazon.awssdk.auth.credentials.DefaultCredentialsProvider.resolveCredentials(DefaultCredentialsProvider.java:129) ~[auth-2.31.8.jar:?]
	at software.amazon.awssdk.auth.credentials.AwsCredentialsProvider.resolveIdentity(AwsCredentialsProvider.java:54) ~[auth-2.31.8.jar:?]
	at software.amazon.awssdk.services.secretsmanager.auth.scheme.internal.SecretsManagerAuthSchemeInterceptor.lambda$trySelectAuthScheme$4(SecretsManagerAuthSchemeInterceptor.java:134) ~[secretsmanager-2.31.8.jar:?]
	at software.amazon.awssdk.core.internal.util.MetricUtils.reportDuration(MetricUtils.java:80) ~[sdk-core-2.31.8.jar:?]
	at software.amazon.awssdk.services.secretsmanager.auth.scheme.internal.SecretsManagerAuthSchemeInterceptor.trySelectAuthScheme(SecretsManagerAuthSchemeInterceptor.java:134) ~[secretsmanager-2.31.8.jar:?]
	at software.amazon.awssdk.services.secretsmanager.auth.scheme.internal.SecretsManagerAuthSchemeInterceptor.selectAuthScheme(SecretsManagerAuthSchemeInterceptor.java:81) ~[secretsmanager-2.31.8.jar:?]
	at software.amazon.awssdk.services.secretsmanager.auth.scheme.internal.SecretsManagerAuthSchemeInterceptor.beforeExecution(SecretsManagerAuthSchemeInterceptor.java:61) ~[secretsmanager-2.31.8.jar:?]
	at software.amazon.awssdk.core.interceptor.ExecutionInterceptorChain.lambda$beforeExecution$1(ExecutionInterceptorChain.java:59) ~[sdk-core-2.31.8.jar:?]
	at java.util.ArrayList.forEach(ArrayList.java:1541) ~[?:?]
	at software.amazon.awssdk.core.interceptor.ExecutionInterceptorChain.beforeExecution(ExecutionInterceptorChain.java:59) ~[sdk-core-2.31.8.jar:?]
	at software.amazon.awssdk.awscore.internal.AwsExecutionContextBuilder.runInitialInterceptors(AwsExecutionContextBuilder.java:254) ~[aws-core-2.31.8.jar:?]
	at software.amazon.awssdk.awscore.internal.AwsExecutionContextBuilder.invokeInterceptorsAndCreateExecutionContext(AwsExecutionContextBuilder.java:144) ~[aws-core-2.31.8.jar:?]
	at software.amazon.awssdk.awscore.client.handler.AwsSyncClientHandler.invokeInterceptorsAndCreateExecutionContext(AwsSyncClientHandler.java:67) ~[aws-core-2.31.8.jar:?]
	at software.amazon.awssdk.core.internal.handler.BaseSyncClientHandler.lambda$execute$1(BaseSyncClientHandler.java:76) ~[sdk-core-2.31.8.jar:?]
	at software.amazon.awssdk.core.internal.handler.BaseSyncClientHandler.measureApiCallSuccess(BaseSyncClientHandler.java:182) ~[sdk-core-2.31.8.jar:?]
	at software.amazon.awssdk.core.internal.handler.BaseSyncClientHandler.execute(BaseSyncClientHandler.java:74) ~[sdk-core-2.31.8.jar:?]
	at software.amazon.awssdk.core.client.handler.SdkSyncClientHandler.execute(SdkSyncClientHandler.java:45) ~[sdk-core-2.31.8.jar:?]
	at software.amazon.awssdk.awscore.client.handler.AwsSyncClientHandler.execute(AwsSyncClientHandler.java:53) ~[aws-core-2.31.8.jar:?]
	at software.amazon.awssdk.services.secretsmanager.DefaultSecretsManagerClient.getSecretValue(DefaultSecretsManagerClient.java:1129) ~[secretsmanager-2.31.8.jar:?]
	at com.grittonbelldev.util.SecretsManagerUtil.getSecretAsMap(SecretsManagerUtil.java:51) [classes/:?]
	at com.grittonbelldev.util.HibernateUtil.<clinit>(HibernateUtil.java:38) [classes/:?]
	at com.grittonbelldev.controller.ApplicationStartup.initializeHibernateSessionFactory(ApplicationStartup.java:82) [classes/:?]
	at com.grittonbelldev.controller.ApplicationStartup.init(ApplicationStartup.java:38) [classes/:?]
	at javax.servlet.GenericServlet.init(GenericServlet.java:143) [servlet-api.jar:4.0.FR]
	at org.apache.catalina.core.StandardWrapper.initServlet(StandardWrapper.java:984) [catalina.jar:9.0.98]
	at org.apache.catalina.core.StandardWrapper.loadServlet(StandardWrapper.java:941) [catalina.jar:9.0.98]
	at org.apache.catalina.core.StandardWrapper.load(StandardWrapper.java:838) [catalina.jar:9.0.98]
	at org.apache.catalina.core.StandardContext.loadOnStartup(StandardContext.java:4193) [catalina.jar:9.0.98]
	at org.apache.catalina.core.StandardContext.startInternal(StandardContext.java:4494) [catalina.jar:9.0.98]
	at org.apache.catalina.util.LifecycleBase.start(LifecycleBase.java:164) [catalina.jar:9.0.98]
	at org.apache.catalina.core.ContainerBase.addChildInternal(ContainerBase.java:599) [catalina.jar:9.0.98]
	at org.apache.catalina.core.ContainerBase.addChild(ContainerBase.java:571) [catalina.jar:9.0.98]
	at org.apache.catalina.core.StandardHost.addChild(StandardHost.java:603) [catalina.jar:9.0.98]
	at org.apache.catalina.startup.HostConfig.manageApp(HostConfig.java:1751) [catalina.jar:9.0.98]
	at jdk.internal.reflect.NativeMethodAccessorImpl.invoke0(Native Method) ~[?:?]
	at jdk.internal.reflect.NativeMethodAccessorImpl.invoke(NativeMethodAccessorImpl.java:62) ~[?:?]
	at jdk.internal.reflect.DelegatingMethodAccessorImpl.invoke(DelegatingMethodAccessorImpl.java:43) ~[?:?]
	at java.lang.reflect.Method.invoke(Method.java:566) ~[?:?]
	at org.apache.tomcat.util.modeler.BaseModelMBean.invoke(BaseModelMBean.java:264) [tomcat-coyote.jar:9.0.98]
	at com.sun.jmx.interceptor.DefaultMBeanServerInterceptor.invoke(DefaultMBeanServerInterceptor.java:809) [?:?]
	at com.sun.jmx.mbeanserver.JmxMBeanServer.invoke(JmxMBeanServer.java:801) [?:?]
	at org.apache.catalina.mbeans.MBeanFactory.createStandardContext(MBeanFactory.java:453) [catalina.jar:9.0.98]
	at org.apache.catalina.mbeans.MBeanFactory.createStandardContext(MBeanFactory.java:407) [catalina.jar:9.0.98]
	at jdk.internal.reflect.NativeMethodAccessorImpl.invoke0(Native Method) ~[?:?]
	at jdk.internal.reflect.NativeMethodAccessorImpl.invoke(NativeMethodAccessorImpl.java:62) ~[?:?]
	at jdk.internal.reflect.DelegatingMethodAccessorImpl.invoke(DelegatingMethodAccessorImpl.java:43) ~[?:?]
	at java.lang.reflect.Method.invoke(Method.java:566) ~[?:?]
	at org.apache.tomcat.util.modeler.BaseModelMBean.invoke(BaseModelMBean.java:264) [tomcat-coyote.jar:9.0.98]
	at com.sun.jmx.interceptor.DefaultMBeanServerInterceptor.invoke(DefaultMBeanServerInterceptor.java:809) [?:?]
	at com.sun.jmx.mbeanserver.JmxMBeanServer.invoke(JmxMBeanServer.java:801) [?:?]
	at com.sun.jmx.remote.security.MBeanServerAccessController.invoke(MBeanServerAccessController.java:468) [?:?]
	at javax.management.remote.rmi.RMIConnectionImpl.doOperation(RMIConnectionImpl.java:1466) [?:?]
	at javax.management.remote.rmi.RMIConnectionImpl$PrivilegedOperation.run(RMIConnectionImpl.java:1307) [?:?]
	at java.security.AccessController.doPrivileged(AccessController.java:688) [?:?]
	at javax.management.remote.rmi.RMIConnectionImpl.doPrivilegedOperation(RMIConnectionImpl.java:1406) [?:?]
	at javax.management.remote.rmi.RMIConnectionImpl.invoke(RMIConnectionImpl.java:827) [?:?]
	at jdk.internal.reflect.NativeMethodAccessorImpl.invoke0(Native Method) ~[?:?]
	at jdk.internal.reflect.NativeMethodAccessorImpl.invoke(NativeMethodAccessorImpl.java:62) ~[?:?]
	at jdk.internal.reflect.DelegatingMethodAccessorImpl.invoke(DelegatingMethodAccessorImpl.java:43) ~[?:?]
	at java.lang.reflect.Method.invoke(Method.java:566) ~[?:?]
	at sun.rmi.server.UnicastServerRef.dispatch(UnicastServerRef.java:359) [?:?]
	at sun.rmi.transport.Transport$1.run(Transport.java:200) [?:?]
	at sun.rmi.transport.Transport$1.run(Transport.java:197) [?:?]
	at java.security.AccessController.doPrivileged(AccessController.java:688) [?:?]
	at sun.rmi.transport.Transport.serviceCall(Transport.java:196) [?:?]
	at sun.rmi.transport.tcp.TCPTransport.handleMessages(TCPTransport.java:562) [?:?]
	at sun.rmi.transport.tcp.TCPTransport$ConnectionHandler.run0(TCPTransport.java:796) [?:?]
	at sun.rmi.transport.tcp.TCPTransport$ConnectionHandler.lambda$run$0(TCPTransport.java:677) [?:?]
	at java.security.AccessController.doPrivileged(AccessController.java:389) [?:?]
	at sun.rmi.transport.tcp.TCPTransport$ConnectionHandler.run(TCPTransport.java:676) [?:?]
	at java.util.concurrent.ThreadPoolExecutor.runWorker(ThreadPoolExecutor.java:1128) [?:?]
	at java.util.concurrent.ThreadPoolExecutor$Worker.run(ThreadPoolExecutor.java:628) [?:?]
	at java.lang.Thread.run(Thread.java:834) [?:?]
[WARN ] 2025-04-07 14:47:02.945 [RMI TCP Connection(2)-127.0.0.1] SecretsManagerUtil - Falling back to environment variables for secret 'yhjSecrets'
[INFO ] 2025-04-07 14:47:02.945 [RMI TCP Connection(2)-127.0.0.1] HibernateUtil - Using DB URL: jdbc:mysql://localhost:3306/yourhealthjournal
[INFO ] 2025-04-07 14:47:02.945 [RMI TCP Connection(2)-127.0.0.1] HibernateUtil - Using DB User: root
[INFO ] 2025-04-07 14:47:02.945 [RMI TCP Connection(2)-127.0.0.1] HibernateUtil - Dialect fallback: org.hibernate.dialect.MySQL8Dialect
[INFO ] 2025-04-07 14:47:04.388 [RMI TCP Connection(2)-127.0.0.1] HibernateUtil - Hibernate SessionFactory created with registry/bootstrap config.
[INFO ] 2025-04-07 14:47:04.388 [RMI TCP Connection(2)-127.0.0.1] ApplicationStartup - Hibernate SessionFactory initialized successfully.
[INFO ] 2025-04-07 14:47:04.390 [RMI TCP Connection(2)-127.0.0.1] SecretsManagerUtil - Attempting to fetch secret 'yhjSecrets' from AWS Secrets Manager in region us-east-2
[ERROR] 2025-04-07 14:47:06.402 [RMI TCP Connection(2)-127.0.0.1] SecretsManagerUtil - Unexpected error retrieving or parsing secret 'yhjSecrets': Unable to load credentials from any of the providers in the chain AwsCredentialsProviderChain(credentialsProviders=[SystemPropertyCredentialsProvider(), EnvironmentVariableCredentialsProvider(), WebIdentityTokenCredentialsProvider(), ProfileCredentialsProvider(profileName=default, profileFile=ProfileFile(sections=[])), ContainerCredentialsProvider(), InstanceProfileCredentialsProvider()]) : [SystemPropertyCredentialsProvider(): Unable to load credentials from system settings. Access key must be specified either via environment variable (AWS_ACCESS_KEY_ID) or system property (aws.accessKeyId)., EnvironmentVariableCredentialsProvider(): Unable to load credentials from system settings. Access key must be specified either via environment variable (AWS_ACCESS_KEY_ID) or system property (aws.accessKeyId)., WebIdentityTokenCredentialsProvider(): Either the environment variable AWS_WEB_IDENTITY_TOKEN_FILE or the javaproperty aws.webIdentityTokenFile must be set., ProfileCredentialsProvider(profileName=default, profileFile=ProfileFile(sections=[])): Profile file contained no credentials for profile 'default': ProfileFile(sections=[]), ContainerCredentialsProvider(): Cannot fetch credentials from container - neither AWS_CONTAINER_CREDENTIALS_FULL_URI or AWS_CONTAINER_CREDENTIALS_RELATIVE_URI environment variables are set., InstanceProfileCredentialsProvider(): Failed to load credentials from IMDS.]
software.amazon.awssdk.core.exception.SdkClientException: Unable to load credentials from any of the providers in the chain AwsCredentialsProviderChain(credentialsProviders=[SystemPropertyCredentialsProvider(), EnvironmentVariableCredentialsProvider(), WebIdentityTokenCredentialsProvider(), ProfileCredentialsProvider(profileName=default, profileFile=ProfileFile(sections=[])), ContainerCredentialsProvider(), InstanceProfileCredentialsProvider()]) : [SystemPropertyCredentialsProvider(): Unable to load credentials from system settings. Access key must be specified either via environment variable (AWS_ACCESS_KEY_ID) or system property (aws.accessKeyId)., EnvironmentVariableCredentialsProvider(): Unable to load credentials from system settings. Access key must be specified either via environment variable (AWS_ACCESS_KEY_ID) or system property (aws.accessKeyId)., WebIdentityTokenCredentialsProvider(): Either the environment variable AWS_WEB_IDENTITY_TOKEN_FILE or the javaproperty aws.webIdentityTokenFile must be set., ProfileCredentialsProvider(profileName=default, profileFile=ProfileFile(sections=[])): Profile file contained no credentials for profile 'default': ProfileFile(sections=[]), ContainerCredentialsProvider(): Cannot fetch credentials from container - neither AWS_CONTAINER_CREDENTIALS_FULL_URI or AWS_CONTAINER_CREDENTIALS_RELATIVE_URI environment variables are set., InstanceProfileCredentialsProvider(): Failed to load credentials from IMDS.]
	at software.amazon.awssdk.core.exception.SdkClientException$BuilderImpl.build(SdkClientException.java:130) ~[sdk-core-2.31.8.jar:?]
	at software.amazon.awssdk.auth.credentials.AwsCredentialsProviderChain.resolveCredentials(AwsCredentialsProviderChain.java:130) ~[auth-2.31.8.jar:?]
	at software.amazon.awssdk.auth.credentials.internal.LazyAwsCredentialsProvider.resolveCredentials(LazyAwsCredentialsProvider.java:45) ~[auth-2.31.8.jar:?]
	at software.amazon.awssdk.auth.credentials.DefaultCredentialsProvider.resolveCredentials(DefaultCredentialsProvider.java:129) ~[auth-2.31.8.jar:?]
	at software.amazon.awssdk.auth.credentials.AwsCredentialsProvider.resolveIdentity(AwsCredentialsProvider.java:54) ~[auth-2.31.8.jar:?]
	at software.amazon.awssdk.services.secretsmanager.auth.scheme.internal.SecretsManagerAuthSchemeInterceptor.lambda$trySelectAuthScheme$4(SecretsManagerAuthSchemeInterceptor.java:134) ~[secretsmanager-2.31.8.jar:?]
	at software.amazon.awssdk.core.internal.util.MetricUtils.reportDuration(MetricUtils.java:80) ~[sdk-core-2.31.8.jar:?]
	at software.amazon.awssdk.services.secretsmanager.auth.scheme.internal.SecretsManagerAuthSchemeInterceptor.trySelectAuthScheme(SecretsManagerAuthSchemeInterceptor.java:134) ~[secretsmanager-2.31.8.jar:?]
	at software.amazon.awssdk.services.secretsmanager.auth.scheme.internal.SecretsManagerAuthSchemeInterceptor.selectAuthScheme(SecretsManagerAuthSchemeInterceptor.java:81) ~[secretsmanager-2.31.8.jar:?]
	at software.amazon.awssdk.services.secretsmanager.auth.scheme.internal.SecretsManagerAuthSchemeInterceptor.beforeExecution(SecretsManagerAuthSchemeInterceptor.java:61) ~[secretsmanager-2.31.8.jar:?]
	at software.amazon.awssdk.core.interceptor.ExecutionInterceptorChain.lambda$beforeExecution$1(ExecutionInterceptorChain.java:59) ~[sdk-core-2.31.8.jar:?]
	at java.util.ArrayList.forEach(ArrayList.java:1541) ~[?:?]
	at software.amazon.awssdk.core.interceptor.ExecutionInterceptorChain.beforeExecution(ExecutionInterceptorChain.java:59) ~[sdk-core-2.31.8.jar:?]
	at software.amazon.awssdk.awscore.internal.AwsExecutionContextBuilder.runInitialInterceptors(AwsExecutionContextBuilder.java:254) ~[aws-core-2.31.8.jar:?]
	at software.amazon.awssdk.awscore.internal.AwsExecutionContextBuilder.invokeInterceptorsAndCreateExecutionContext(AwsExecutionContextBuilder.java:144) ~[aws-core-2.31.8.jar:?]
	at software.amazon.awssdk.awscore.client.handler.AwsSyncClientHandler.invokeInterceptorsAndCreateExecutionContext(AwsSyncClientHandler.java:67) ~[aws-core-2.31.8.jar:?]
	at software.amazon.awssdk.core.internal.handler.BaseSyncClientHandler.lambda$execute$1(BaseSyncClientHandler.java:76) ~[sdk-core-2.31.8.jar:?]
	at software.amazon.awssdk.core.internal.handler.BaseSyncClientHandler.measureApiCallSuccess(BaseSyncClientHandler.java:182) ~[sdk-core-2.31.8.jar:?]
	at software.amazon.awssdk.core.internal.handler.BaseSyncClientHandler.execute(BaseSyncClientHandler.java:74) ~[sdk-core-2.31.8.jar:?]
	at software.amazon.awssdk.core.client.handler.SdkSyncClientHandler.execute(SdkSyncClientHandler.java:45) ~[sdk-core-2.31.8.jar:?]
	at software.amazon.awssdk.awscore.client.handler.AwsSyncClientHandler.execute(AwsSyncClientHandler.java:53) ~[aws-core-2.31.8.jar:?]
	at software.amazon.awssdk.services.secretsmanager.DefaultSecretsManagerClient.getSecretValue(DefaultSecretsManagerClient.java:1129) ~[secretsmanager-2.31.8.jar:?]
	at com.grittonbelldev.util.SecretsManagerUtil.getSecretAsMap(SecretsManagerUtil.java:51) [classes/:?]
	at com.grittonbelldev.controller.ApplicationStartup.loadAndStoreCognitoProperties(ApplicationStartup.java:50) [classes/:?]
	at com.grittonbelldev.controller.ApplicationStartup.init(ApplicationStartup.java:39) [classes/:?]
	at javax.servlet.GenericServlet.init(GenericServlet.java:143) [servlet-api.jar:4.0.FR]
	at org.apache.catalina.core.StandardWrapper.initServlet(StandardWrapper.java:984) [catalina.jar:9.0.98]
	at org.apache.catalina.core.StandardWrapper.loadServlet(StandardWrapper.java:941) [catalina.jar:9.0.98]
	at org.apache.catalina.core.StandardWrapper.load(StandardWrapper.java:838) [catalina.jar:9.0.98]
	at org.apache.catalina.core.StandardContext.loadOnStartup(StandardContext.java:4193) [catalina.jar:9.0.98]
	at org.apache.catalina.core.StandardContext.startInternal(StandardContext.java:4494) [catalina.jar:9.0.98]
	at org.apache.catalina.util.LifecycleBase.start(LifecycleBase.java:164) [catalina.jar:9.0.98]
	at org.apache.catalina.core.ContainerBase.addChildInternal(ContainerBase.java:599) [catalina.jar:9.0.98]
	at org.apache.catalina.core.ContainerBase.addChild(ContainerBase.java:571) [catalina.jar:9.0.98]
	at org.apache.catalina.core.StandardHost.addChild(StandardHost.java:603) [catalina.jar:9.0.98]
	at org.apache.catalina.startup.HostConfig.manageApp(HostConfig.java:1751) [catalina.jar:9.0.98]
	at jdk.internal.reflect.NativeMethodAccessorImpl.invoke0(Native Method) ~[?:?]
	at jdk.internal.reflect.NativeMethodAccessorImpl.invoke(NativeMethodAccessorImpl.java:62) ~[?:?]
	at jdk.internal.reflect.DelegatingMethodAccessorImpl.invoke(DelegatingMethodAccessorImpl.java:43) ~[?:?]
	at java.lang.reflect.Method.invoke(Method.java:566) ~[?:?]
	at org.apache.tomcat.util.modeler.BaseModelMBean.invoke(BaseModelMBean.java:264) [tomcat-coyote.jar:9.0.98]
	at com.sun.jmx.interceptor.DefaultMBeanServerInterceptor.invoke(DefaultMBeanServerInterceptor.java:809) [?:?]
	at com.sun.jmx.mbeanserver.JmxMBeanServer.invoke(JmxMBeanServer.java:801) [?:?]
	at org.apache.catalina.mbeans.MBeanFactory.createStandardContext(MBeanFactory.java:453) [catalina.jar:9.0.98]
	at org.apache.catalina.mbeans.MBeanFactory.createStandardContext(MBeanFactory.java:407) [catalina.jar:9.0.98]
	at jdk.internal.reflect.NativeMethodAccessorImpl.invoke0(Native Method) ~[?:?]
	at jdk.internal.reflect.NativeMethodAccessorImpl.invoke(NativeMethodAccessorImpl.java:62) ~[?:?]
	at jdk.internal.reflect.DelegatingMethodAccessorImpl.invoke(DelegatingMethodAccessorImpl.java:43) ~[?:?]
	at java.lang.reflect.Method.invoke(Method.java:566) ~[?:?]
	at org.apache.tomcat.util.modeler.BaseModelMBean.invoke(BaseModelMBean.java:264) [tomcat-coyote.jar:9.0.98]
	at com.sun.jmx.interceptor.DefaultMBeanServerInterceptor.invoke(DefaultMBeanServerInterceptor.java:809) [?:?]
	at com.sun.jmx.mbeanserver.JmxMBeanServer.invoke(JmxMBeanServer.java:801) [?:?]
	at com.sun.jmx.remote.security.MBeanServerAccessController.invoke(MBeanServerAccessController.java:468) [?:?]
	at javax.management.remote.rmi.RMIConnectionImpl.doOperation(RMIConnectionImpl.java:1466) [?:?]
	at javax.management.remote.rmi.RMIConnectionImpl$PrivilegedOperation.run(RMIConnectionImpl.java:1307) [?:?]
	at java.security.AccessController.doPrivileged(AccessController.java:688) [?:?]
	at javax.management.remote.rmi.RMIConnectionImpl.doPrivilegedOperation(RMIConnectionImpl.java:1406) [?:?]
	at javax.management.remote.rmi.RMIConnectionImpl.invoke(RMIConnectionImpl.java:827) [?:?]
	at jdk.internal.reflect.NativeMethodAccessorImpl.invoke0(Native Method) ~[?:?]
	at jdk.internal.reflect.NativeMethodAccessorImpl.invoke(NativeMethodAccessorImpl.java:62) ~[?:?]
	at jdk.internal.reflect.DelegatingMethodAccessorImpl.invoke(DelegatingMethodAccessorImpl.java:43) ~[?:?]
	at java.lang.reflect.Method.invoke(Method.java:566) ~[?:?]
	at sun.rmi.server.UnicastServerRef.dispatch(UnicastServerRef.java:359) [?:?]
	at sun.rmi.transport.Transport$1.run(Transport.java:200) [?:?]
	at sun.rmi.transport.Transport$1.run(Transport.java:197) [?:?]
	at java.security.AccessController.doPrivileged(AccessController.java:688) [?:?]
	at sun.rmi.transport.Transport.serviceCall(Transport.java:196) [?:?]
	at sun.rmi.transport.tcp.TCPTransport.handleMessages(TCPTransport.java:562) [?:?]
	at sun.rmi.transport.tcp.TCPTransport$ConnectionHandler.run0(TCPTransport.java:796) [?:?]
	at sun.rmi.transport.tcp.TCPTransport$ConnectionHandler.lambda$run$0(TCPTransport.java:677) [?:?]
	at java.security.AccessController.doPrivileged(AccessController.java:389) [?:?]
	at sun.rmi.transport.tcp.TCPTransport$ConnectionHandler.run(TCPTransport.java:676) [?:?]
	at java.util.concurrent.ThreadPoolExecutor.runWorker(ThreadPoolExecutor.java:1128) [?:?]
	at java.util.concurrent.ThreadPoolExecutor$Worker.run(ThreadPoolExecutor.java:628) [?:?]
	at java.lang.Thread.run(Thread.java:834) [?:?]
[WARN ] 2025-04-07 14:47:06.403 [RMI TCP Connection(2)-127.0.0.1] SecretsManagerUtil - Falling back to environment variables for secret 'yhjSecrets'
[INFO ] 2025-04-07 14:47:06.403 [RMI TCP Connection(2)-127.0.0.1] ApplicationStartup - Cognito Client ID: 17maovn490jgjo4sahig56bs9b
[INFO ] 2025-04-07 14:47:06.403 [RMI TCP Connection(2)-127.0.0.1] ApplicationStartup - Cognito Client Secret: [set]
[INFO ] 2025-04-07 14:47:06.403 [RMI TCP Connection(2)-127.0.0.1] ApplicationStartup - Application Startup: Cognito properties loaded.
[INFO ] 2025-04-07 14:47:09.744 [http-nio-8080-exec-4] LogIn - Attempting to use login servlet and below is the client id and the login URL and the redirect URL:
[INFO ] 2025-04-07 14:47:09.744 [http-nio-8080-exec-4] LogIn - Client ID: 17maovn490jgjo4sahig56bs9b
[INFO ] 2025-04-07 14:47:09.744 [http-nio-8080-exec-4] LogIn - Login URL: https://us-east-2qhnriu1dn.auth.us-east-2.amazoncognito.com/login
[INFO ] 2025-04-07 14:47:09.744 [http-nio-8080-exec-4] LogIn - Redirect URL: http://localhost:8080/YourHealthJournal_war/auth
[INFO ] 2025-04-07 14:47:09.745 [http-nio-8080-exec-4] LogIn - Here is the redirect URL: https://us-east-2qhnriu1dn.auth.us-east-2.amazoncognito.com/login?response_type=code&client_id=17maovn490jgjo4sahig56bs9b&redirect_uri=http://localhost:8080/YourHealthJournal_war/auth
[DEBUG] 2025-04-07 14:47:12.510 [http-nio-8080-exec-5] Auth - Keys are loaded. Here's e: AQAB
[INFO ] 2025-04-07 14:47:12.511 [http-nio-8080-exec-5] Auth - Auth servlet triggered. Checking for auth code...
[DEBUG] 2025-04-07 14:47:12.899 [http-nio-8080-exec-5] Auth - Response headers: java.net.http.HttpHeaders@c23ad53 { {:status=[200], cache-control=[no-cache, no-store, max-age=0, must-revalidate], content-length=[3865], content-type=[application/json;charset=UTF-8], date=[Mon, 07 Apr 2025 19:47:12 GMT], expires=[0], pragma=[no-cache], set-cookie=[XSRF-TOKEN=482c1642-8e3b-48b4-856d-cafc82660581; Path=/; Secure; HttpOnly; SameSite=Lax], strict-transport-security=[max-age=31536000 ; includeSubDomains], x-amz-apigw-id=[IqvGDGiUiYcESmw=], x-amz-cognito-request-id=[ad741d36-0a33-4db9-9c47-0a7461f6f7b2], x-amzn-remapped-connection=[keep-alive], x-amzn-remapped-date=[Mon, 07 Apr 2025 19:47:12 GMT], x-amzn-remapped-server=[Server], x-amzn-requestid=[8ee9eb98-a251-4750-9768-1e3f07e1364e], x-content-type-options=[nosniff], x-frame-options=[DENY], x-xss-protection=[1; mode=block]} }
[DEBUG] 2025-04-07 14:47:12.899 [http-nio-8080-exec-5] Auth - Response body: {"id_token":"eyJraWQiOiJIakc2a29QekNqeHVaSDZIT3pCMDhpV3ZFTmJFb1U5U3ZuUmYxdHNRZzZNPSIsImFsZyI6IlJTMjU2In0.eyJhdF9oYXNoIjoiV0hhaGhRZzJHNXAxZFZKVmRhUUJRUSIsInN1YiI6ImQxNWI4NWIwLWEwNDEtNzAwYy1jZWRjLWQ0ZDRkNWJhMzg2NCIsImVtYWlsX3ZlcmlmaWVkIjp0cnVlLCJpc3MiOiJodHRwczpcL1wvY29nbml0by1pZHAudXMtZWFzdC0yLmFtYXpvbmF3cy5jb21cL3VzLWVhc3QtMl9xaE5ySXUxRE4iLCJjb2duaXRvOnVzZXJuYW1lIjoiZDE1Yjg1YjAtYTA0MS03MDBjLWNlZGMtZDRkNGQ1YmEzODY0Iiwib3JpZ2luX2p0aSI6IjQzNjU5ODhjLTk3YWYtNDYyZC1hOTYxLWM0NzI0MDE0NWVkMSIsImF1ZCI6IjE3bWFvdm40OTBqZ2pvNHNhaGlnNTZiczliIiwidG9rZW5fdXNlIjoiaWQiLCJhdXRoX3RpbWUiOjE3NDQwNTUyMzIsImV4cCI6MTc0NDA1ODgzMiwiaWF0IjoxNzQ0MDU1MjMyLCJqdGkiOiIxN2Y4MTgxMS1hOTExLTQ4ZWMtYmY1Zi1kZjgzY2FlYTVlZDMiLCJlbWFpbCI6Impncml0dG9uYmVsbEBnbWFpbC5jb20ifQ.BNrBdyjuj0eF3FcG9PxOyEJc_7OmaJkVirm8UG_rPqbgzhele66GAs1pVa9YFGqiYEuF3Iiu2gfe3nFVYGTibzIMtAB9ws12jonKxPkmybFQTTAARasjItmmv1gWFcFPFWRKWqaYJuO-hPOvgF9O4vuTxocSLiiDaWPNPuSNWj3PHNWyv9lps3mmRq3BXve1HH2e8u3EgRjMcwxZgCCUkY9IBOLbyEtFxGp0_ty9mXcv6fUGFQ0PEy74wXU2EaQ9itXyeglJYMUKL0UD-MSnfhwddyCqAncEEVYyTDjjxULTlEuK-vEx8nMwnqhgO89FRJNmke5afkdovrpKfH-Trw","access_token":"eyJraWQiOiJSaVVMUm1XbGRpTWlIOXdiR2loYmc3aVdXNmNUVVwvQnFkNWpwWGZMb21Xdz0iLCJhbGciOiJSUzI1NiJ9.eyJzdWIiOiJkMTViODViMC1hMDQxLTcwMGMtY2VkYy1kNGQ0ZDViYTM4NjQiLCJpc3MiOiJodHRwczpcL1wvY29nbml0by1pZHAudXMtZWFzdC0yLmFtYXpvbmF3cy5jb21cL3VzLWVhc3QtMl9xaE5ySXUxRE4iLCJ2ZXJzaW9uIjoyLCJjbGllbnRfaWQiOiIxN21hb3ZuNDkwamdqbzRzYWhpZzU2YnM5YiIsIm9yaWdpbl9qdGkiOiI0MzY1OTg4Yy05N2FmLTQ2MmQtYTk2MS1jNDcyNDAxNDVlZDEiLCJ0b2tlbl91c2UiOiJhY2Nlc3MiLCJzY29wZSI6InBob25lIG9wZW5pZCBlbWFpbCIsImF1dGhfdGltZSI6MTc0NDA1NTIzMiwiZXhwIjoxNzQ0MDU4ODMyLCJpYXQiOjE3NDQwNTUyMzIsImp0aSI6ImU0NjU2OGZmLTg3MGQtNDAzZC05ODIxLTUyMTBmOGI1YjAxMiIsInVzZXJuYW1lIjoiZDE1Yjg1YjAtYTA0MS03MDBjLWNlZGMtZDRkNGQ1YmEzODY0In0.XyOWLDj93d_m3ZF7WbQ6CoNQ8a7z0cKJslW-3rhsd-O8SkhIGyQqEX56VGRbN_BIoF4RSVZmbH0-x9Zt6JevC3DSIxkVlrGIKlIkQYo4GzivpYyV5gVRgZJhAWysDZfTPXUbHAed0REgRLxrpD0-oYlx3kg8um4Xi1erxGb8odbeVEcWUee9gK4dnar2AHR4vwhDOb50GeMMimc6-fjrBrTf8dkIM7VTamKRnMF4U3oujIx5CMG-KLLvCVEnf2g0XCBVaSpMXx6E3J25JKOqz2kouBVvBg92-YKWY27sSeSZw1uCr5AgvdyCHIrH-1Pw5VTYYYqR1qfBpp6aCvnxTA","refresh_token":"eyJjdHkiOiJKV1QiLCJlbmMiOiJBMjU2R0NNIiwiYWxnIjoiUlNBLU9BRVAifQ.gviVQ39ytbb0UnRXRSOKLNeR5C2mpP0ALCKL95ZqGSq6U4DMuNUZRWgiv_EnUGlv7J2Kj1XULVTufP7SmjTUikm42WqixZAGR-RXpMAiZdVmMOCm-qRAt73u-G49hLXqxpUmWDGRr7RsCNzbpWquGEoohJRQuSaLj2I0aixFCDv_Djki7TLXvMQPOwg0K7rujMhAr8Xvrp8uz9LJ1S65DhNB-4_pZT0vchQF1rg0peTv0f6tvbcJVo2bvKNZnz-ulz-lp7aXBNM7VgssSTFHHvvDCpQGUYzqnnz38cbCG5cHmgJhc24tG_yhfQt7ZGZFmQuEpJx0ISNzLbs0HJMJ6A.BArJSkRBB99nU6or.JbcBAOsKOGQUmrgsTjWUh7f4g_jhpnhZXARJ5zgKftiVTKic0yhAw0f-xEjIHsijAICFgiPYPf3moZLZ-snBeaO3VHC2-rMp1rnIw_yErKs6ttejwHBM2PUH-f4XOfF9pHZWPZ3P4oxyG5ENmCc57gqeBj46upHIBw1tsKNimh92L7wOgnBRo28WMrtHg_-2p2tfHnK134XqThtJj3tlgTL9TuZFj23tRW873iUvyhoX3OJzkNPVtsLLxXdyKyb6goUyU9KCRAZTR13ZGB3b0iwmUiqORWSTAV1YORMZhMhK3RQ2U9LtnRWKhDPnO8U87_rCMAviNIx9dpvhok14yUkUdu4c6MYqzv7kZHLoGMugiqT-IgykYGFOjL6loJQ8ymiU3qTWGq_TZQx_ABsKdV6_AdvLW7OfFIk53wZUWDOOY8RHUt7dNttJfaUBNLE0RYyQIZULZo8BONsDJ7EZuy_QtWDLeNGx3qwvtDkwI39MZBdPVBs9LnRlssLQ226syY8kItzddXJSpzyeI2dykAJmpOnquDOmwtEVgDp-4uoC-_PU0xHzm0ZBva3X5IbRieosjTfrPcP7dSSdlVQ2o8nTtOmVJBKRjwL9WswXdBujb8FaF9cYvOP3IxaE_jTSNtB63v9TM840fRuvZVbeMu7tjkutHRhnRkd25a6dO4UUDlRtL6tYN_9J8JmyRl5eziEpgeXxPAtJTOGI-T2SUGmObZAvMhJjVxINI9D2rzY62osi-jPnpQyWc0RfZRkUcHcrSmruA-CCmI_E_pTTkYyZcUorbs_tmLPOXcU3XnK3CTg6TzA6Dn87xhFaZz0Syj5NrpVJvTPAbQI8XnfN6VELXvqRwmekQ19pAK_fYj1aeqyMOmOUP1pUZZUMGY1_dlEZlALQOOnNteyzRbNfBmUK9uH78rdbK9zdqiUWI1ibGqOeV5dRMpligZB3Ox40TS8XMJ0Zs5lMMyeoRNQRRfSYdlqnJ9VSc6mis5Ss9b5h4GYHuU5iWdQeTTp3Gg3DBFXIqJjyVfq0WFTRlm9mrSY7ZImyISe7GVuDp-ye3fOJrkghSRFcS0jrMEeG3iBuwe54scVZVPc21du0VQ8oG_bhBABvKTWt9uoGcb9ZTrhSpsYf1H263r4gkGV6TrSUmYzR5O-cibsVNt87-7bnHCh0Dvk55D-iX5p2EL5-qR2N_YCyutFPJadL9uEYOn_rA3o8AMCXZ3GK8tvB8Mlh8r1HL4EkHBNf6-s.J9bhyjFcS69dCMWQW4qE3Q","expires_in":3600,"token_type":"Bearer"}
[DEBUG] 2025-04-07 14:47:12.905 [http-nio-8080-exec-5] Auth - Id token: eyJraWQiOiJIakc2a29QekNqeHVaSDZIT3pCMDhpV3ZFTmJFb1U5U3ZuUmYxdHNRZzZNPSIsImFsZyI6IlJTMjU2In0.eyJhdF9oYXNoIjoiV0hhaGhRZzJHNXAxZFZKVmRhUUJRUSIsInN1YiI6ImQxNWI4NWIwLWEwNDEtNzAwYy1jZWRjLWQ0ZDRkNWJhMzg2NCIsImVtYWlsX3ZlcmlmaWVkIjp0cnVlLCJpc3MiOiJodHRwczpcL1wvY29nbml0by1pZHAudXMtZWFzdC0yLmFtYXpvbmF3cy5jb21cL3VzLWVhc3QtMl9xaE5ySXUxRE4iLCJjb2duaXRvOnVzZXJuYW1lIjoiZDE1Yjg1YjAtYTA0MS03MDBjLWNlZGMtZDRkNGQ1YmEzODY0Iiwib3JpZ2luX2p0aSI6IjQzNjU5ODhjLTk3YWYtNDYyZC1hOTYxLWM0NzI0MDE0NWVkMSIsImF1ZCI6IjE3bWFvdm40OTBqZ2pvNHNhaGlnNTZiczliIiwidG9rZW5fdXNlIjoiaWQiLCJhdXRoX3RpbWUiOjE3NDQwNTUyMzIsImV4cCI6MTc0NDA1ODgzMiwiaWF0IjoxNzQ0MDU1MjMyLCJqdGkiOiIxN2Y4MTgxMS1hOTExLTQ4ZWMtYmY1Zi1kZjgzY2FlYTVlZDMiLCJlbWFpbCI6Impncml0dG9uYmVsbEBnbWFpbC5jb20ifQ.BNrBdyjuj0eF3FcG9PxOyEJc_7OmaJkVirm8UG_rPqbgzhele66GAs1pVa9YFGqiYEuF3Iiu2gfe3nFVYGTibzIMtAB9ws12jonKxPkmybFQTTAARasjItmmv1gWFcFPFWRKWqaYJuO-hPOvgF9O4vuTxocSLiiDaWPNPuSNWj3PHNWyv9lps3mmRq3BXve1HH2e8u3EgRjMcwxZgCCUkY9IBOLbyEtFxGp0_ty9mXcv6fUGFQ0PEy74wXU2EaQ9itXyeglJYMUKL0UD-MSnfhwddyCqAncEEVYyTDjjxULTlEuK-vEx8nMwnqhgO89FRJNmke5afkdovrpKfH-Trw
[DEBUG] 2025-04-07 14:47:12.934 [http-nio-8080-exec-5] Auth - here's the username: d15b85b0-a041-700c-cedc-d4d4d5ba3864
[DEBUG] 2025-04-07 14:47:12.934 [http-nio-8080-exec-5] Auth - here are all the available claims: {at_hash=com.auth0.jwt.impl.JsonNodeClaim@1cc714d0, sub=com.auth0.jwt.impl.JsonNodeClaim@6b34c0c6, email_verified=com.auth0.jwt.impl.JsonNodeClaim@1b31c4d0, iss=com.auth0.jwt.impl.JsonNodeClaim@6b3ccc6d, cognito:username=com.auth0.jwt.impl.JsonNodeClaim@4f79244e, origin_jti=com.auth0.jwt.impl.JsonNodeClaim@286ff97, aud=com.auth0.jwt.impl.JsonNodeClaim@1784ac53, token_use=com.auth0.jwt.impl.JsonNodeClaim@1ad6556a, auth_time=com.auth0.jwt.impl.JsonNodeClaim@1c8b592a, exp=com.auth0.jwt.impl.JsonNodeClaim@29c4676b, iat=com.auth0.jwt.impl.JsonNodeClaim@1b10b034, jti=com.auth0.jwt.impl.JsonNodeClaim@33c5cb39, email=com.auth0.jwt.impl.JsonNodeClaim@75c19662}
[INFO ] 2025-04-07 14:47:12.934 [http-nio-8080-exec-5] Auth - Cognito ID from token: d15b85b0-a041-700c-cedc-d4d4d5ba3864
[INFO ] 2025-04-07 14:47:13.030 [http-nio-8080-exec-5] Auth - User logged in.
[INFO ] 2025-04-07 14:49:13.939 [main] ApplicationStartup - Hibernate SessionFactory closed.
